2025-05-28 10:19:11,005 - MainThread - INFO - Buffer 1 initialized with size 8
2025-05-28 10:19:11,005 - MainThread - INFO - Buffer 2 initialized with size 4
2025-05-28 10:19:11,005 - MainThread - INFO - Buffer 3 initialized with size 4
2025-05-28 10:19:11,005 - MainThread - INFO - 系统启动...
2025-05-28 10:19:11,005 - ProducerThread - INFO - 生产者线程 128485540017856 启动
2025-05-28 10:19:11,005 - ProducerThread - INFO - Producer initialized for Buffer 1 with put_freq 8
2025-05-28 10:19:11,006 - ConsumerThread-1 - INFO - 消费者线程 1 128485531625152 启动
2025-05-28 10:19:11,006 - ConsumerThread-2 - INFO - 消费者线程 2 128485523232448 启动
2025-05-28 10:19:11,006 - ConsumerThread-1 - INFO - Consumer initialized for Buffer 2 with get_freq 1, move_freq 4
2025-05-28 10:19:11,006 - ConsumerThread-2 - INFO - Consumer initialized for Buffer 3 with get_freq 1, move_freq 4
2025-05-28 10:19:11,006 - MoveThread-C1 - INFO - 消费者 1 的移动线程 128485514839744 启动
2025-05-28 10:19:11,006 - MoveThread-C2 - INFO - 消费者 2 的移动线程 128485506447040 启动
2025-05-28 10:19:11,006 - GetThread-C1 - INFO - 消费者 1 的获取线程 128485154617024 启动
2025-05-28 10:19:11,007 - GetThread-C2 - INFO - 消费者 2 的获取线程 128485146224320 启动
2025-05-28 10:19:11,131 - ProducerThread - INFO - Producer put 'q' into Buffer 1
2025-05-28 10:19:11,257 - ProducerThread - INFO - Producer put 'G' into Buffer 1
2025-05-28 10:19:11,257 - MoveThread-C1 - INFO - Consumer moved 'q' from Buffer 1 to Buffer 2
2025-05-28 10:19:11,257 - MoveThread-C2 - INFO - Consumer moved 'G' from Buffer 1 to Buffer 3
2025-05-28 10:19:11,382 - ProducerThread - INFO - Producer put '7' into Buffer 1
2025-05-28 10:19:11,508 - MoveThread-C1 - INFO - Consumer moved '7' from Buffer 1 to Buffer 2
2025-05-28 10:19:11,508 - ProducerThread - INFO - Producer put 'd' into Buffer 1
2025-05-28 10:19:11,508 - MoveThread-C2 - INFO - Consumer moved 'd' from Buffer 1 to Buffer 3
2025-05-28 10:19:11,633 - ProducerThread - INFO - Producer put 'r' into Buffer 1
2025-05-28 10:19:11,758 - MoveThread-C1 - INFO - Consumer moved 'r' from Buffer 1 to Buffer 2
2025-05-28 10:19:11,759 - ProducerThread - INFO - Producer put '1' into Buffer 1
2025-05-28 10:19:11,759 - MoveThread-C2 - INFO - Consumer moved '1' from Buffer 1 to Buffer 3
2025-05-28 10:19:11,885 - ProducerThread - INFO - Producer put 'x' into Buffer 1
2025-05-28 10:19:12,007 - GetThread-C1 - INFO - Consumer got 'q' from Buffer 2
2025-05-28 10:19:12,007 - GetThread-C2 - INFO - Consumer got 'G' from Buffer 3
2025-05-28 10:19:12,009 - MoveThread-C1 - INFO - Consumer moved 'x' from Buffer 1 to Buffer 2
2025-05-28 10:19:12,010 - ProducerThread - INFO - Producer put '5' into Buffer 1
2025-05-28 10:19:12,010 - MoveThread-C2 - INFO - Consumer moved '5' from Buffer 1 to Buffer 3
2025-05-28 10:19:12,135 - ProducerThread - INFO - Producer put 'o' into Buffer 1
2025-05-28 10:19:12,260 - MoveThread-C1 - INFO - Consumer moved 'o' from Buffer 1 to Buffer 2
2025-05-28 10:19:12,261 - ProducerThread - INFO - Producer put 'd' into Buffer 1
2025-05-28 10:19:12,261 - MoveThread-C2 - INFO - Consumer moved 'd' from Buffer 1 to Buffer 3
2025-05-28 10:19:12,386 - ProducerThread - INFO - Producer put 'e' into Buffer 1
2025-05-28 10:19:12,512 - ProducerThread - INFO - Producer put 'R' into Buffer 1
2025-05-28 10:19:12,637 - ProducerThread - INFO - Producer put '4' into Buffer 1
2025-05-28 10:19:12,763 - ProducerThread - INFO - Producer put 'J' into Buffer 1
2025-05-28 10:19:12,888 - ProducerThread - INFO - Producer put '8' into Buffer 1
2025-05-28 10:19:13,007 - GetThread-C1 - INFO - Consumer got '7' from Buffer 2
2025-05-28 10:19:13,008 - GetThread-C2 - INFO - Consumer got 'd' from Buffer 3
2025-05-28 10:19:13,008 - MoveThread-C1 - INFO - Consumer moved 'e' from Buffer 1 to Buffer 2
2025-05-28 10:19:13,008 - MoveThread-C2 - INFO - Consumer moved 'R' from Buffer 1 to Buffer 3
2025-05-28 10:19:13,014 - ProducerThread - INFO - Producer put 'Z' into Buffer 1
2025-05-28 10:19:13,139 - ProducerThread - INFO - Producer put 'A' into Buffer 1
2025-05-28 10:19:13,264 - ProducerThread - INFO - Producer put '5' into Buffer 1
2025-05-28 10:19:13,390 - ProducerThread - INFO - Producer put 'p' into Buffer 1
2025-05-28 10:19:13,516 - ProducerThread - INFO - Producer put 'G' into Buffer 1
2025-05-28 10:19:13,641 - ProducerThread - INFO - Producer put 'N' into Buffer 1
2025-05-28 10:19:13,767 - ProducerThread - INFO - Producer put 'i' into Buffer 1
2025-05-28 10:19:14,006 - MainThread - INFO - 
当前缓冲区状态:
2025-05-28 10:19:14,006 - MainThread - INFO - 缓冲区1: Buffer1 ['8', 'Z', 'A', '5', 'p', 'G', 'N', 'i']
2025-05-28 10:19:14,006 - MainThread - INFO - 缓冲区2: Buffer2 ['r', 'x', 'o', 'e']
2025-05-28 10:19:14,007 - MainThread - INFO - 缓冲区3: Buffer3 ['1', '5', 'd', 'R']

2025-05-28 10:19:14,008 - GetThread-C1 - INFO - Consumer got 'r' from Buffer 2
2025-05-28 10:19:14,008 - MoveThread-C1 - INFO - Consumer moved 'J' from Buffer 1 to Buffer 2
2025-05-28 10:19:14,008 - GetThread-C2 - INFO - Consumer got '1' from Buffer 3
2025-05-28 10:19:14,009 - MoveThread-C2 - INFO - Consumer moved '4' from Buffer 1 to Buffer 3
2025-05-28 10:19:14,259 - ProducerThread - INFO - Producer put '9' into Buffer 1
2025-05-28 10:19:14,385 - ProducerThread - INFO - Producer put 'k' into Buffer 1
2025-05-28 10:19:15,009 - GetThread-C1 - INFO - Consumer got 'x' from Buffer 2
2025-05-28 10:19:15,009 - MoveThread-C1 - INFO - Consumer moved '8' from Buffer 1 to Buffer 2
2025-05-28 10:19:15,009 - GetThread-C2 - INFO - Consumer got '5' from Buffer 3
2025-05-28 10:19:15,009 - MoveThread-C2 - INFO - Consumer moved 'Z' from Buffer 1 to Buffer 3
2025-05-28 10:19:15,260 - ProducerThread - INFO - Producer put '1' into Buffer 1
2025-05-28 10:19:15,385 - ProducerThread - INFO - Producer put 'u' into Buffer 1
2025-05-28 10:19:16,009 - GetThread-C1 - INFO - Consumer got 'o' from Buffer 2
2025-05-28 10:19:16,009 - MoveThread-C1 - INFO - Consumer moved '5' from Buffer 1 to Buffer 2
2025-05-28 10:19:16,010 - GetThread-C2 - INFO - Consumer got 'd' from Buffer 3
2025-05-28 10:19:16,010 - MoveThread-C2 - INFO - Consumer moved 'A' from Buffer 1 to Buffer 3
2025-05-28 10:19:16,260 - ProducerThread - INFO - Producer put 'A' into Buffer 1
2025-05-28 10:19:16,385 - ProducerThread - INFO - Producer put 'e' into Buffer 1
2025-05-28 10:19:17,007 - MainThread - INFO - 
当前缓冲区状态:
2025-05-28 10:19:17,007 - MainThread - INFO - 缓冲区1: Buffer1 ['N', 'i', '9', 'k', '1', 'u', 'A', 'e']
2025-05-28 10:19:17,007 - MainThread - INFO - 缓冲区2: Buffer2 ['e', 'J', '8', '5']
2025-05-28 10:19:17,008 - MainThread - INFO - 缓冲区3: Buffer3 ['R', '4', 'Z', 'A']

2025-05-28 10:19:17,010 - GetThread-C1 - INFO - Consumer got 'e' from Buffer 2
2025-05-28 10:19:17,010 - MoveThread-C1 - INFO - Consumer moved 'p' from Buffer 1 to Buffer 2
2025-05-28 10:19:17,010 - GetThread-C2 - INFO - Consumer got 'R' from Buffer 3
2025-05-28 10:19:17,010 - MoveThread-C2 - INFO - Consumer moved 'G' from Buffer 1 to Buffer 3
2025-05-28 10:19:17,260 - ProducerThread - INFO - Producer put '6' into Buffer 1
2025-05-28 10:19:17,386 - ProducerThread - INFO - Producer put '7' into Buffer 1
2025-05-28 10:19:18,010 - GetThread-C1 - INFO - Consumer got 'J' from Buffer 2
2025-05-28 10:19:18,010 - GetThread-C2 - INFO - Consumer got '4' from Buffer 3
2025-05-28 10:19:18,010 - MoveThread-C2 - INFO - Consumer moved 'i' from Buffer 1 to Buffer 3
2025-05-28 10:19:18,011 - MoveThread-C1 - INFO - Consumer moved 'N' from Buffer 1 to Buffer 2
2025-05-28 10:19:18,261 - ProducerThread - INFO - Producer put 'x' into Buffer 1
2025-05-28 10:19:18,387 - ProducerThread - INFO - Producer put 'c' into Buffer 1
2025-05-28 10:19:19,011 - GetThread-C2 - INFO - Consumer got 'Z' from Buffer 3
2025-05-28 10:19:19,011 - GetThread-C1 - INFO - Consumer got '8' from Buffer 2
2025-05-28 10:19:19,012 - MoveThread-C1 - INFO - Consumer moved 'k' from Buffer 1 to Buffer 2
2025-05-28 10:19:19,012 - MoveThread-C2 - INFO - Consumer moved '9' from Buffer 1 to Buffer 3
2025-05-28 10:19:19,263 - ProducerThread - INFO - Producer put 'H' into Buffer 1
2025-05-28 10:19:19,388 - ProducerThread - INFO - Producer put 'v' into Buffer 1
2025-05-28 10:19:20,008 - MainThread - INFO - 
当前缓冲区状态:
2025-05-28 10:19:20,008 - MainThread - INFO - 缓冲区1: Buffer1 ['A', 'e', '6', '7', 'x', 'c', 'H', 'v']
2025-05-28 10:19:20,008 - MainThread - INFO - 缓冲区2: Buffer2 ['5', 'p', 'N', 'k']
2025-05-28 10:19:20,009 - MainThread - INFO - 缓冲区3: Buffer3 ['A', 'G', 'i', '9']

2025-05-28 10:19:20,012 - GetThread-C2 - INFO - Consumer got 'A' from Buffer 3
2025-05-28 10:19:20,012 - MoveThread-C2 - INFO - Consumer moved 'u' from Buffer 1 to Buffer 3
2025-05-28 10:19:20,012 - GetThread-C1 - INFO - Consumer got '5' from Buffer 2
2025-05-28 10:19:20,013 - MoveThread-C1 - INFO - Consumer moved '1' from Buffer 1 to Buffer 2
2025-05-28 10:19:20,263 - ProducerThread - INFO - Producer put 'H' into Buffer 1
2025-05-28 10:19:20,389 - ProducerThread - INFO - Producer put 'M' into Buffer 1
2025-05-28 10:19:20,918 - MainThread - INFO - 
程序被用户中断
2025-05-28 10:29:00,821 - MainThread - INFO - Buffer 1 initialized with size 8
2025-05-28 10:29:00,821 - MainThread - INFO - Buffer 2 initialized with size 4
2025-05-28 10:29:00,821 - MainThread - INFO - Buffer 3 initialized with size 4
2025-05-28 10:29:00,821 - MainThread - INFO - 系统启动...
2025-05-28 10:29:00,822 - ProducerThread - INFO - 生产者线程 130788128892608 启动
2025-05-28 10:29:00,822 - ProducerThread - INFO - Producer initialized for Buffer 1 with put_freq 8
2025-05-28 10:29:00,822 - ConsumerThread-1 - INFO - 消费者线程 1 130788120499904 启动
2025-05-28 10:29:00,822 - ConsumerThread-2 - INFO - 消费者线程 2 130788112107200 启动
2025-05-28 10:29:00,822 - ConsumerThread-1 - INFO - Consumer initialized for Buffer 2 with get_freq 1, move_freq 4
2025-05-28 10:29:00,822 - ConsumerThread-2 - INFO - Consumer initialized for Buffer 3 with get_freq 1, move_freq 4
2025-05-28 10:29:00,822 - MoveThread-C1 - INFO - 消费者 1 的移动线程 130788103714496 启动
2025-05-28 10:29:00,823 - MoveThread-C2 - INFO - 消费者 2 的移动线程 130788095321792 启动
2025-05-28 10:29:00,823 - GetThread-C2 - INFO - 消费者 2 的获取线程 130788078536384 启动
2025-05-28 10:29:00,823 - GetThread-C1 - INFO - 消费者 1 的获取线程 130788086929088 启动
2025-05-28 10:29:00,947 - ProducerThread - INFO - Producer put 'y' into Buffer 1
2025-05-28 10:29:01,073 - ProducerThread - INFO - Producer put '8' into Buffer 1
2025-05-28 10:29:01,073 - MoveThread-C1 - INFO - Consumer moved 'y' from Buffer 1 to Buffer 2
2025-05-28 10:29:01,074 - MoveThread-C2 - INFO - Consumer moved '8' from Buffer 1 to Buffer 3
2025-05-28 10:29:01,199 - ProducerThread - INFO - Producer put 'T' into Buffer 1
2025-05-28 10:29:01,324 - MoveThread-C1 - INFO - Consumer moved 'T' from Buffer 1 to Buffer 2
2025-05-28 10:29:01,324 - ProducerThread - INFO - Producer put 's' into Buffer 1
2025-05-28 10:29:01,325 - MoveThread-C2 - INFO - Consumer moved 's' from Buffer 1 to Buffer 3
2025-05-28 10:29:01,450 - ProducerThread - INFO - Producer put '4' into Buffer 1
2025-05-28 10:29:01,575 - MoveThread-C1 - INFO - Consumer moved '4' from Buffer 1 to Buffer 2
2025-05-28 10:29:01,575 - ProducerThread - INFO - Producer put 'a' into Buffer 1
2025-05-28 10:29:01,575 - MoveThread-C2 - INFO - Consumer moved 'a' from Buffer 1 to Buffer 3
2025-05-28 10:29:01,701 - ProducerThread - INFO - Producer put 'O' into Buffer 1
2025-05-28 10:29:01,823 - GetThread-C2 - INFO - Consumer got '8' from Buffer 3
2025-05-28 10:29:01,823 - GetThread-C1 - INFO - Consumer got 'y' from Buffer 2
2025-05-28 10:29:01,825 - MoveThread-C1 - INFO - Consumer moved 'O' from Buffer 1 to Buffer 2
2025-05-28 10:29:01,826 - ProducerThread - INFO - Producer put 'g' into Buffer 1
2025-05-28 10:29:01,826 - MoveThread-C2 - INFO - Consumer moved 'g' from Buffer 1 to Buffer 3
2025-05-28 10:29:01,951 - ProducerThread - INFO - Producer put 'i' into Buffer 1
2025-05-28 10:29:02,075 - MoveThread-C1 - INFO - Consumer moved 'i' from Buffer 1 to Buffer 2
2025-05-28 10:29:02,077 - ProducerThread - INFO - Producer put 'J' into Buffer 1
2025-05-28 10:29:02,077 - MoveThread-C2 - INFO - Consumer moved 'J' from Buffer 1 to Buffer 3
2025-05-28 10:29:02,202 - ProducerThread - INFO - Producer put 'k' into Buffer 1
2025-05-28 10:29:02,328 - ProducerThread - INFO - Producer put '5' into Buffer 1
2025-05-28 10:29:02,453 - ProducerThread - INFO - Producer put 'T' into Buffer 1
2025-05-28 10:29:02,579 - ProducerThread - INFO - Producer put 'l' into Buffer 1
2025-05-28 10:29:02,704 - ProducerThread - INFO - Producer put 'U' into Buffer 1
2025-05-28 10:29:02,824 - GetThread-C2 - INFO - Consumer got 's' from Buffer 3
2025-05-28 10:29:02,824 - GetThread-C1 - INFO - Consumer got 'T' from Buffer 2
2025-05-28 10:29:02,824 - MoveThread-C1 - INFO - Consumer moved 'k' from Buffer 1 to Buffer 2
2025-05-28 10:29:02,824 - MoveThread-C2 - INFO - Consumer moved '5' from Buffer 1 to Buffer 3
2025-05-28 10:29:02,830 - ProducerThread - INFO - Producer put 's' into Buffer 1
2025-05-28 10:29:02,955 - ProducerThread - INFO - Producer put 'e' into Buffer 1
2025-05-28 10:29:03,081 - ProducerThread - INFO - Producer put 'T' into Buffer 1
2025-05-28 10:29:03,206 - ProducerThread - INFO - Producer put 'A' into Buffer 1
2025-05-28 10:29:03,332 - ProducerThread - INFO - Producer put 'I' into Buffer 1
2025-05-28 10:29:03,457 - ProducerThread - INFO - Producer put 'I' into Buffer 1
2025-05-28 10:29:03,582 - ProducerThread - INFO - Producer put 'R' into Buffer 1
2025-05-28 10:29:03,822 - MainThread - INFO - 
当前缓冲区状态:
2025-05-28 10:29:03,823 - MainThread - INFO - 缓冲区1: Buffer1 ['U', 's', 'e', 'T', 'A', 'I', 'I', 'R']
2025-05-28 10:29:03,823 - MainThread - INFO - 缓冲区2: Buffer2 ['4', 'O', 'i', 'k']
2025-05-28 10:29:03,823 - MainThread - INFO - 缓冲区3: Buffer3 ['a', 'g', 'J', '5']

2025-05-28 10:29:03,825 - GetThread-C2 - INFO - Consumer got 'a' from Buffer 3
2025-05-28 10:29:03,825 - MoveThread-C2 - INFO - Consumer moved 'l' from Buffer 1 to Buffer 3
2025-05-28 10:29:03,825 - GetThread-C1 - INFO - Consumer got '4' from Buffer 2
2025-05-28 10:29:03,825 - MoveThread-C1 - INFO - Consumer moved 'T' from Buffer 1 to Buffer 2
2025-05-28 10:29:04,075 - ProducerThread - INFO - Producer put 'l' into Buffer 1
2025-05-28 10:29:04,201 - ProducerThread - INFO - Producer put 'K' into Buffer 1
2025-05-28 10:29:04,204 - MainThread - INFO - 
程序被用户中断
2025-05-28 14:49:07,459 - MainThread - INFO - Buffer 1 initialized with size 8
2025-05-28 14:49:07,460 - MainThread - INFO - Buffer 2 initialized with size 4
2025-05-28 14:49:07,460 - MainThread - INFO - Buffer 3 initialized with size 4
2025-05-28 14:49:09,338 - Thread-1 (producer_thread) - INFO - 生产者线程 139685758236352 启动
2025-05-28 14:49:09,338 - Thread-1 (producer_thread) - INFO - Producer initialized for Buffer 1 with put_freq 4
2025-05-28 14:49:09,338 - Thread-2 (consumer_thread) - INFO - 消费者线程 1 139685749843648 启动
2025-05-28 14:49:09,339 - Thread-3 (consumer_thread) - INFO - 消费者线程 2 139685741450944 启动
2025-05-28 14:49:09,339 - Thread-2 (consumer_thread) - INFO - Consumer initialized for Buffer 2 with get_freq 1, move_freq 2
2025-05-28 14:49:09,339 - MainThread - INFO - 系统已启动
2025-05-28 14:49:09,339 - Thread-3 (consumer_thread) - INFO - Consumer initialized for Buffer 3 with get_freq 1, move_freq 2
2025-05-28 14:49:09,340 - Thread-5 (move_thread) - INFO - 消费者 1 的MOVE线程 139685724665536 启动
2025-05-28 14:49:09,340 - Thread-6 (get_thread) - INFO - 消费者 1 的GET线程 139685716272832 启动
2025-05-28 14:49:09,341 - Thread-7 (move_thread) - INFO - 消费者 2 的MOVE线程 139685707880128 启动
2025-05-28 14:49:09,341 - Thread-8 (get_thread) - INFO - 消费者 2 的GET线程 139685154256576 启动
2025-05-28 14:49:09,589 - Thread-1 (producer_thread) - INFO - Producer put 'W' into Buffer 1
2025-05-28 14:49:09,839 - Thread-1 (producer_thread) - INFO - Producer put 'X' into Buffer 1
2025-05-28 14:49:09,841 - Thread-5 (move_thread) - INFO - Consumer moved 'W' from Buffer 1 to Buffer 2
2025-05-28 14:49:09,841 - Thread-7 (move_thread) - INFO - Consumer moved 'X' from Buffer 1 to Buffer 3
2025-05-28 14:49:10,090 - Thread-1 (producer_thread) - INFO - Producer put 'V' into Buffer 1
2025-05-28 14:49:10,340 - Thread-1 (producer_thread) - INFO - Producer put 'B' into Buffer 1
2025-05-28 14:49:10,341 - Thread-6 (get_thread) - INFO - Consumer got 'W' from Buffer 2
2025-05-28 14:49:10,342 - Thread-7 (move_thread) - INFO - Consumer moved 'V' from Buffer 1 to Buffer 3
2025-05-28 14:49:10,342 - Thread-5 (move_thread) - INFO - Consumer moved 'B' from Buffer 1 to Buffer 2
2025-05-28 14:49:10,342 - Thread-8 (get_thread) - INFO - Consumer got 'X' from Buffer 3
2025-05-28 14:49:10,591 - Thread-1 (producer_thread) - INFO - Producer put 't' into Buffer 1
2025-05-28 14:49:10,841 - Thread-1 (producer_thread) - INFO - Producer put '7' into Buffer 1
2025-05-28 14:49:10,842 - Thread-7 (move_thread) - INFO - Consumer moved 't' from Buffer 1 to Buffer 3
2025-05-28 14:49:10,842 - Thread-5 (move_thread) - INFO - Consumer moved '7' from Buffer 1 to Buffer 2
2025-05-28 14:49:11,091 - Thread-1 (producer_thread) - INFO - Producer put 'b' into Buffer 1
2025-05-28 14:49:11,342 - Thread-1 (producer_thread) - INFO - Producer put 'd' into Buffer 1
2025-05-28 14:49:11,342 - Thread-6 (get_thread) - INFO - Consumer got 'B' from Buffer 2
2025-05-28 14:49:11,342 - Thread-8 (get_thread) - INFO - Consumer got 'V' from Buffer 3
2025-05-28 14:49:11,342 - Thread-7 (move_thread) - INFO - Consumer moved 'b' from Buffer 1 to Buffer 3
2025-05-28 14:49:11,342 - Thread-5 (move_thread) - INFO - Consumer moved 'd' from Buffer 1 to Buffer 2
2025-05-28 14:49:11,592 - Thread-1 (producer_thread) - INFO - Producer put 'N' into Buffer 1
2025-05-28 14:49:11,843 - Thread-1 (producer_thread) - INFO - Producer put 'z' into Buffer 1
2025-05-28 14:49:11,843 - Thread-7 (move_thread) - INFO - Consumer moved 'N' from Buffer 1 to Buffer 3
2025-05-28 14:49:11,843 - Thread-5 (move_thread) - INFO - Consumer moved 'z' from Buffer 1 to Buffer 2
2025-05-28 14:49:12,093 - Thread-1 (producer_thread) - INFO - Producer put 'p' into Buffer 1
2025-05-28 14:49:12,342 - Thread-6 (get_thread) - INFO - Consumer got '7' from Buffer 2
2025-05-28 14:49:12,342 - Thread-8 (get_thread) - INFO - Consumer got 't' from Buffer 3
2025-05-28 14:49:12,343 - Thread-7 (move_thread) - INFO - Consumer moved 'p' from Buffer 1 to Buffer 3
2025-05-28 14:49:12,344 - Thread-1 (producer_thread) - INFO - Producer put 'v' into Buffer 1
2025-05-28 14:49:12,344 - Thread-5 (move_thread) - INFO - Consumer moved 'v' from Buffer 1 to Buffer 2
2025-05-28 14:49:12,594 - Thread-1 (producer_thread) - INFO - Producer put 'A' into Buffer 1
2025-05-28 14:49:12,648 - MainThread - INFO - 系统已停止
2025-05-28 14:49:12,843 - Thread-7 (move_thread) - INFO - Consumer moved 'A' from Buffer 1 to Buffer 3
2025-05-28 14:49:12,844 - Thread-1 (producer_thread) - INFO - Producer put '9' into Buffer 1
2025-05-28 14:49:12,845 - Thread-5 (move_thread) - INFO - Consumer moved '9' from Buffer 1 to Buffer 2
2025-05-28 14:49:13,343 - Thread-6 (get_thread) - INFO - Consumer got 'd' from Buffer 2
2025-05-28 14:49:13,343 - Thread-8 (get_thread) - INFO - Consumer got 'b' from Buffer 3
